	"""

		A set of tests to check the function say_my_name

	"""

--------------------------------------------------------------------------------------------------
				Testing ALL        		  	   		     |
--------------------------------------------------------------------------------------------------

>>> say_my_name = __import__('3-say_my_name').say_my_name

        >>> say_my_name("Asmaa", "HADAR")
        My name is Asmaa HADAR

		>>> say_my_name(2, "Last")
		Traceback (most recent call last):
		...
		TypeError: first_name must be a string

		>>> say_my_name("Holberton", 65)
		Traceback (most recent call last):
		...
		TypeError: last_name must be a string

		>>> say_my_name()
		Traceback (most recent call last):
		...
		TypeError: say_my_name() missing 1 required positional argument: 'first_name'

--------------------------------------------------------------------------------------------------

	"""

		end of tests

	"""
